mode: set
heartyhardy/datastructs/binarytree/binary_tree.go:21.54,22.17 1 1
heartyhardy/datastructs/binarytree/binary_tree.go:25.2,25.23 1 1
heartyhardy/datastructs/binarytree/binary_tree.go:29.2,30.14 2 1
heartyhardy/datastructs/binarytree/binary_tree.go:22.17,24.3 1 1
heartyhardy/datastructs/binarytree/binary_tree.go:25.23,28.3 2 1
heartyhardy/datastructs/binarytree/binary_tree.go:35.46,36.33 1 1
heartyhardy/datastructs/binarytree/binary_tree.go:44.2,44.25 1 1
heartyhardy/datastructs/binarytree/binary_tree.go:48.2,48.35 1 1
heartyhardy/datastructs/binarytree/binary_tree.go:36.33,37.25 1 1
heartyhardy/datastructs/binarytree/binary_tree.go:41.3,42.9 2 1
heartyhardy/datastructs/binarytree/binary_tree.go:37.25,40.4 2 1
heartyhardy/datastructs/binarytree/binary_tree.go:44.25,47.3 2 1
heartyhardy/datastructs/binarytree/binary_tree.go:51.42,52.19 1 1
heartyhardy/datastructs/binarytree/binary_tree.go:55.2,58.35 4 1
heartyhardy/datastructs/binarytree/binary_tree.go:52.19,54.3 1 1
heartyhardy/datastructs/binarytree/binary_tree.go:61.51,62.19 1 1
heartyhardy/datastructs/binarytree/binary_tree.go:65.2,65.25 1 1
heartyhardy/datastructs/binarytree/binary_tree.go:70.2,70.41 1 1
heartyhardy/datastructs/binarytree/binary_tree.go:62.19,64.3 1 1
heartyhardy/datastructs/binarytree/binary_tree.go:65.25,67.3 1 1
heartyhardy/datastructs/binarytree/binary_tree.go:67.8,67.32 1 1
heartyhardy/datastructs/binarytree/binary_tree.go:67.32,69.3 1 1
heartyhardy/datastructs/binarytree/binary_tree.go:74.50,77.2 2 1
heartyhardy/datastructs/binarytree/binary_tree.go:80.34,82.2 1 1
