mode: set
heartyhardy/datastructs/binarytree/binary_tree.go:17.54,18.17 1 1
heartyhardy/datastructs/binarytree/binary_tree.go:21.2,21.23 1 1
heartyhardy/datastructs/binarytree/binary_tree.go:25.2,26.14 2 1
heartyhardy/datastructs/binarytree/binary_tree.go:18.17,20.3 1 1
heartyhardy/datastructs/binarytree/binary_tree.go:21.23,24.3 2 1
heartyhardy/datastructs/binarytree/binary_tree.go:31.46,32.33 1 1
heartyhardy/datastructs/binarytree/binary_tree.go:40.2,40.25 1 1
heartyhardy/datastructs/binarytree/binary_tree.go:44.2,44.35 1 1
heartyhardy/datastructs/binarytree/binary_tree.go:32.33,33.25 1 1
heartyhardy/datastructs/binarytree/binary_tree.go:37.3,38.9 2 1
heartyhardy/datastructs/binarytree/binary_tree.go:33.25,36.4 2 1
heartyhardy/datastructs/binarytree/binary_tree.go:40.25,43.3 2 1
